<?xml version="1.0" encoding="UTF-8"?>
<!-- Generated by org.testng.reporters.JUnitReportReporter -->
<testsuite skipped="0" hostname="Admin-PC" name="com.w2a.testcases.LoginTest" tests="1" failures="0" timestamp="20 Sep 2020 17:41:55 GMT" time="10.066" errors="0">
  <testcase name="readTestDataAll" time="10.066" classname="com.w2a.testcases.LoginTest"/>
</testsuite> <!-- com.w2a.testcases.LoginTest -->
