<?xml version="1.0" encoding="UTF-8"?>
<!-- Generated by org.testng.reporters.JUnitReportReporter -->
<testsuite skipped="0" hostname="Admin-PC" name="com.w2a.testcases.LoginTest" tests="2" failures="0" timestamp="17 Sep 2020 15:34:24 GMT" time="52.657" errors="0">
  <testcase name="readTestData" time="1.259" classname="com.w2a.testcases.LoginTest"/>
  <testcase name="testGoogle" time="51.398" classname="com.w2a.testcases.LoginTest"/>
</testsuite> <!-- com.w2a.testcases.LoginTest -->
